Mon, 26 Oct 2020 16:07:07-run_all_case.py-run_all_case.py-[line:25]-INFO-[日志信息]: ==================================2020-10-26 16:07:07===================================
Mon, 26 Oct 2020 16:07:56-run_all_case.py-run_all_case.py-[line:25]-INFO-[日志信息]: ==================================2020-10-26 16:07:56===================================
Mon, 26 Oct 2020 16:09:41-run_all_case.py-run_all_case.py-[line:26]-INFO-[日志信息]: ==================================2020-10-26 16:09:41===================================
Mon, 26 Oct 2020 16:09:52-run_all_case.py-run_all_case.py-[line:26]-INFO-[日志信息]: ==================================2020-10-26 16:09:52===================================
Mon, 26 Oct 2020 16:13:06-run_all_case.py-run_all_case.py-[line:25]-INFO-[日志信息]: ==================================2020-10-26 16:13:06===================================
Mon, 26 Oct 2020 16:13:12-run_all_case.py-run_all_case.py-[line:25]-INFO-[日志信息]: ==================================2020-10-26 16:13:12===================================
Mon, 26 Oct 2020 16:13:30-run_all_case.py-run_all_case.py-[line:25]-INFO-[日志信息]: ==================================2020-10-26 16:13:30===================================
Mon, 26 Oct 2020 16:14:38-run_all_case.py-run_all_case.py-[line:25]-INFO-[日志信息]: ==================================2020-10-26 16:14:38===================================
Mon, 26 Oct 2020 16:14:39-run_all_case.py-test_config_common.py-[line:35]-INFO-[日志信息]: 开始执行脚本test_config_common:

Mon, 26 Oct 2020 16:14:39-run_all_case.py-test_dream_categoryList.py-[line:35]-INFO-[日志信息]: 开始执行脚本test_dream_categoryList:

Mon, 26 Oct 2020 16:14:39-run_all_case.py-test_dream_dreamInfoContent.py-[line:35]-INFO-[日志信息]: 开始执行脚本test_dream_dreamInfoContent:

Mon, 26 Oct 2020 16:14:39-run_all_case.py-test_dream_dreamInfoList.py-[line:35]-INFO-[日志信息]: 开始执行脚本test_dream_dreamInfoList:

Mon, 26 Oct 2020 16:14:39-run_all_case.py-test_dream_hotDream.py-[line:35]-INFO-[日志信息]: 开始执行脚本test_dream_hotDream:

Mon, 26 Oct 2020 16:14:39-run_all_case.py-test_operation_list.py-[line:35]-INFO-[日志信息]: 开始执行脚本test_operation_list:

Mon, 26 Oct 2020 16:14:40-run_all_case.py-test_rl_add.py-[line:35]-INFO-[日志信息]: 开始执行脚本test_rl_add:

Mon, 26 Oct 2020 16:14:40-run_all_case.py-test_rl_common.py-[line:31]-INFO-[日志信息]: 开始执行脚本test_rl_common:

Mon, 26 Oct 2020 16:17:00-run_all_case.py-run_all_case.py-[line:25]-INFO-[日志信息]: ==================================2020-10-26 16:17:00===================================
Mon, 26 Oct 2020 16:17:11-run_all_case.py-run_all_case.py-[line:25]-INFO-[日志信息]: ==================================2020-10-26 16:17:11===================================
Mon, 26 Oct 2020 16:17:12-run_all_case.py-test_config_common.py-[line:35]-INFO-[日志信息]: 开始执行脚本test_config_common:

Mon, 26 Oct 2020 16:17:12-run_all_case.py-test_dream_categoryList.py-[line:35]-INFO-[日志信息]: 开始执行脚本test_dream_categoryList:

Mon, 26 Oct 2020 16:17:12-run_all_case.py-test_dream_dreamInfoContent.py-[line:35]-INFO-[日志信息]: 开始执行脚本test_dream_dreamInfoContent:

Mon, 26 Oct 2020 16:17:12-run_all_case.py-test_dream_dreamInfoList.py-[line:35]-INFO-[日志信息]: 开始执行脚本test_dream_dreamInfoList:

Mon, 26 Oct 2020 16:17:12-run_all_case.py-test_dream_hotDream.py-[line:35]-INFO-[日志信息]: 开始执行脚本test_dream_hotDream:

Mon, 26 Oct 2020 16:17:12-run_all_case.py-test_operation_list.py-[line:35]-INFO-[日志信息]: 开始执行脚本test_operation_list:

Mon, 26 Oct 2020 16:17:13-run_all_case.py-test_rl_add.py-[line:35]-INFO-[日志信息]: 开始执行脚本test_rl_add:

Mon, 26 Oct 2020 16:17:13-run_all_case.py-test_rl_common.py-[line:31]-INFO-[日志信息]: 开始执行脚本test_rl_common:

Mon, 26 Oct 2020 16:18:41-run_all_case.py-run_all_case.py-[line:25]-INFO-[日志信息]: ==================================2020-10-26 16:18:41===================================
Mon, 26 Oct 2020 16:18:41-run_all_case.py-test_config_common.py-[line:35]-INFO-[日志信息]: 开始执行脚本test_config_common:

Mon, 26 Oct 2020 16:18:41-run_all_case.py-test_dream_categoryList.py-[line:35]-INFO-[日志信息]: 开始执行脚本test_dream_categoryList:

Mon, 26 Oct 2020 16:18:41-run_all_case.py-test_dream_dreamInfoContent.py-[line:35]-INFO-[日志信息]: 开始执行脚本test_dream_dreamInfoContent:

Mon, 26 Oct 2020 16:18:41-run_all_case.py-test_dream_dreamInfoList.py-[line:35]-INFO-[日志信息]: 开始执行脚本test_dream_dreamInfoList:

Mon, 26 Oct 2020 16:18:41-run_all_case.py-test_dream_hotDream.py-[line:35]-INFO-[日志信息]: 开始执行脚本test_dream_hotDream:

Mon, 26 Oct 2020 16:18:41-run_all_case.py-test_operation_list.py-[line:35]-INFO-[日志信息]: 开始执行脚本test_operation_list:

Mon, 26 Oct 2020 16:18:43-run_all_case.py-test_rl_add.py-[line:35]-INFO-[日志信息]: 开始执行脚本test_rl_add:

Mon, 26 Oct 2020 16:18:43-run_all_case.py-test_rl_common.py-[line:31]-INFO-[日志信息]: 开始执行脚本test_rl_common:

Mon, 26 Oct 2020 16:20:34-run_all_case.py-run_all_case.py-[line:25]-INFO-[日志信息]: ==================================2020-10-26 16:20:34===================================
Mon, 26 Oct 2020 16:20:34-run_all_case.py-test_config_common.py-[line:35]-INFO-[日志信息]: 开始执行脚本test_config_common:

Mon, 26 Oct 2020 16:20:34-run_all_case.py-test_dream_categoryList.py-[line:35]-INFO-[日志信息]: 开始执行脚本test_dream_categoryList:

Mon, 26 Oct 2020 16:20:34-run_all_case.py-test_dream_dreamInfoContent.py-[line:35]-INFO-[日志信息]: 开始执行脚本test_dream_dreamInfoContent:

Mon, 26 Oct 2020 16:20:34-run_all_case.py-test_dream_dreamInfoList.py-[line:35]-INFO-[日志信息]: 开始执行脚本test_dream_dreamInfoList:

Mon, 26 Oct 2020 16:20:34-run_all_case.py-test_dream_hotDream.py-[line:35]-INFO-[日志信息]: 开始执行脚本test_dream_hotDream:

Mon, 26 Oct 2020 16:20:34-run_all_case.py-test_operation_list.py-[line:35]-INFO-[日志信息]: 开始执行脚本test_operation_list:

Mon, 26 Oct 2020 16:20:36-run_all_case.py-test_rl_add.py-[line:35]-INFO-[日志信息]: 开始执行脚本test_rl_add:

Mon, 26 Oct 2020 16:20:36-run_all_case.py-test_rl_common.py-[line:31]-INFO-[日志信息]: 开始执行脚本test_rl_common:

Mon, 26 Oct 2020 16:24:32-run_all_case.py-run_all_case.py-[line:25]-INFO-[日志信息]: ==================================2020-10-26 16:24:32===================================
Mon, 26 Oct 2020 16:25:06-run_all_case.py-run_all_case.py-[line:25]-INFO-[日志信息]: ==================================2020-10-26 16:25:06===================================
Mon, 26 Oct 2020 16:25:28-run_all_case.py-run_all_case.py-[line:25]-INFO-[日志信息]: ==================================2020-10-26 16:25:28===================================
Mon, 26 Oct 2020 16:25:35-run_all_case.py-run_all_case.py-[line:25]-INFO-[日志信息]: ==================================2020-10-26 16:25:35===================================
Mon, 26 Oct 2020 16:26:45-run_all_case.py-run_all_case.py-[line:25]-INFO-[日志信息]: ==================================2020-10-26 16:26:45===================================
Mon, 26 Oct 2020 16:31:41-run_all_case.py-run_all_case.py-[line:25]-INFO-[日志信息]: ==================================2020-10-26 16:31:41===================================
Mon, 26 Oct 2020 16:32:40-run_all_case.py-run_all_case.py-[line:25]-INFO-[日志信息]: ==================================2020-10-26 16:32:40===================================
Mon, 26 Oct 2020 16:33:06-run_all_case.py-run_all_case.py-[line:25]-INFO-[日志信息]: ==================================2020-10-26 16:33:06===================================
Mon, 26 Oct 2020 16:33:40-run_all_case.py-run_all_case.py-[line:25]-INFO-[日志信息]: ==================================2020-10-26 16:33:40===================================
Mon, 26 Oct 2020 16:34:47-run_all_case.py-run_all_case.py-[line:25]-INFO-[日志信息]: ==================================2020-10-26 16:34:47===================================
Mon, 26 Oct 2020 16:35:17-run_all_case.py-run_all_case.py-[line:25]-INFO-[日志信息]: ==================================2020-10-26 16:35:17===================================
Mon, 26 Oct 2020 16:38:28-run_all_case.py-run_all_case.py-[line:25]-INFO-[日志信息]: ==================================2020-10-26 16:38:28===================================
Mon, 26 Oct 2020 16:39:24-run_all_case.py-run_all_case.py-[line:25]-INFO-[日志信息]: ==================================2020-10-26 16:39:24===================================
Mon, 26 Oct 2020 16:40:35-run_all_case.py-run_all_case.py-[line:21]-INFO-[日志信息]: ==================================2020-10-26 16:40:35===================================
Mon, 26 Oct 2020 16:43:42-run_all_case.py-run_all_case.py-[line:21]-INFO-[日志信息]: ==================================2020-10-26 16:43:42===================================
Mon, 26 Oct 2020 16:44:22-run_all_case.py-run_all_case.py-[line:21]-INFO-[日志信息]: ==================================2020-10-26 16:44:22===================================
Mon, 26 Oct 2020 16:44:22-run_all_case.py-test_config_common.py-[line:35]-INFO-[日志信息]: 开始执行脚本test_config_common:

Mon, 26 Oct 2020 16:44:22-run_all_case.py-test_dream_categoryList.py-[line:35]-INFO-[日志信息]: 开始执行脚本test_dream_categoryList:

Mon, 26 Oct 2020 16:44:22-run_all_case.py-test_dream_dreamInfoContent.py-[line:35]-INFO-[日志信息]: 开始执行脚本test_dream_dreamInfoContent:

Mon, 26 Oct 2020 16:44:22-run_all_case.py-test_dream_dreamInfoList.py-[line:35]-INFO-[日志信息]: 开始执行脚本test_dream_dreamInfoList:

Mon, 26 Oct 2020 16:44:22-run_all_case.py-test_dream_hotDream.py-[line:35]-INFO-[日志信息]: 开始执行脚本test_dream_hotDream:

Mon, 26 Oct 2020 16:44:22-run_all_case.py-test_operation_list.py-[line:35]-INFO-[日志信息]: 开始执行脚本test_operation_list:

Mon, 26 Oct 2020 16:44:22-run_all_case.py-test_rl_add.py-[line:35]-INFO-[日志信息]: 开始执行脚本test_rl_add:

Mon, 26 Oct 2020 16:44:22-run_all_case.py-test_rl_common.py-[line:31]-INFO-[日志信息]: 开始执行脚本test_rl_common:

Mon, 26 Oct 2020 16:54:20-run_all_case.py-run_all_case.py-[line:21]-INFO-[日志信息]: ==================================2020-10-26 16:54:20===================================
Mon, 26 Oct 2020 16:56:28-run_all_case.py-run_all_case.py-[line:21]-INFO-[日志信息]: ==================================2020-10-26 16:56:28===================================
Mon, 26 Oct 2020 16:59:13-run_all_case.py-run_all_case.py-[line:21]-INFO-[日志信息]: ==================================2020-10-26 16:59:13===================================
Mon, 26 Oct 2020 16:59:55-run_all_case.py-run_all_case.py-[line:21]-INFO-[日志信息]: ==================================2020-10-26 16:59:55===================================
Mon, 26 Oct 2020 17:01:20-run_all_case.py-run_all_case.py-[line:21]-INFO-[日志信息]: ==================================2020-10-26 17:01:20===================================
Mon, 26 Oct 2020 17:22:38-run_all_case.py-run_all_case.py-[line:21]-INFO-[日志信息]: ==================================2020-10-26 17:22:38===================================
Mon, 26 Oct 2020 17:23:29-run_all_case.py-run_all_case.py-[line:21]-INFO-[日志信息]: ==================================2020-10-26 17:23:29===================================
Mon, 26 Oct 2020 17:25:04-run_all_case.py-run_all_case.py-[line:21]-INFO-[日志信息]: ==================================2020-10-26 17:25:04===================================
Mon, 26 Oct 2020 17:25:20-run_all_case.py-run_all_case.py-[line:21]-INFO-[日志信息]: ==================================2020-10-26 17:25:20===================================
Mon, 26 Oct 2020 17:25:26-run_all_case.py-run_all_case.py-[line:21]-INFO-[日志信息]: ==================================2020-10-26 17:25:26===================================
Mon, 26 Oct 2020 17:25:52-run_all_case.py-run_all_case.py-[line:21]-INFO-[日志信息]: ==================================2020-10-26 17:25:52===================================
Mon, 26 Oct 2020 17:27:51-run_all_case.py-run_all_case.py-[line:21]-INFO-[日志信息]: ==================================2020-10-26 17:27:51===================================
Mon, 26 Oct 2020 17:30:52-run_all_case.py-run_all_case.py-[line:21]-INFO-[日志信息]: ==================================2020-10-26 17:30:52===================================
Mon, 26 Oct 2020 17:31:06-run_all_case.py-run_all_case.py-[line:21]-INFO-[日志信息]: ==================================2020-10-26 17:31:06===================================
Mon, 26 Oct 2020 17:31:41-run_all_case.py-run_all_case.py-[line:21]-INFO-[日志信息]: ==================================2020-10-26 17:31:41===================================
Mon, 26 Oct 2020 17:31:58-run_all_case.py-run_all_case.py-[line:21]-INFO-[日志信息]: ==================================2020-10-26 17:31:58===================================
Mon, 26 Oct 2020 17:37:19-run_all_case.py-run_all_case.py-[line:21]-INFO-[日志信息]: ==================================2020-10-26 17:37:19===================================
Mon, 26 Oct 2020 17:39:02-run_all_case.py-run_all_case.py-[line:21]-INFO-[日志信息]: ==================================2020-10-26 17:39:02===================================
Mon, 26 Oct 2020 17:39:44-run_all_case.py-run_all_case.py-[line:21]-INFO-[日志信息]: ==================================2020-10-26 17:39:44===================================
Mon, 26 Oct 2020 17:39:56-run_all_case.py-run_all_case.py-[line:21]-INFO-[日志信息]: ==================================2020-10-26 17:39:56===================================
Mon, 26 Oct 2020 17:40:14-run_all_case.py-run_all_case.py-[line:21]-INFO-[日志信息]: ==================================2020-10-26 17:40:14===================================
Mon, 26 Oct 2020 17:41:26-run_all_case.py-run_all_case.py-[line:21]-INFO-[日志信息]: ==================================2020-10-26 17:41:26===================================
Mon, 26 Oct 2020 17:44:47-run_all_case.py-run_all_case.py-[line:21]-INFO-[日志信息]: ==================================2020-10-26 17:44:47===================================
Mon, 26 Oct 2020 17:45:10-run_all_case.py-run_all_case.py-[line:21]-INFO-[日志信息]: ==================================2020-10-26 17:45:10===================================
Mon, 26 Oct 2020 17:47:03-run_all_case.py-run_all_case.py-[line:21]-INFO-[日志信息]: ==================================2020-10-26 17:47:03===================================
Mon, 26 Oct 2020 17:50:43-run_all_case.py-run_all_case.py-[line:21]-INFO-[日志信息]: ==================================2020-10-26 17:50:43===================================
Mon, 26 Oct 2020 17:51:51-run_all_case.py-run_all_case.py-[line:21]-INFO-[日志信息]: ==================================2020-10-26 17:51:51===================================
Mon, 26 Oct 2020 17:52:18-run_all_case.py-run_all_case.py-[line:21]-INFO-[日志信息]: ==================================2020-10-26 17:52:18===================================
Mon, 26 Oct 2020 17:53:09-run_all_case.py-run_all_case.py-[line:21]-INFO-[日志信息]: ==================================2020-10-26 17:53:09===================================
Mon, 26 Oct 2020 17:53:22-run_all_case.py-run_all_case.py-[line:21]-INFO-[日志信息]: ==================================2020-10-26 17:53:22===================================
Mon, 26 Oct 2020 17:54:04-run_all_case.py-run_all_case.py-[line:21]-INFO-[日志信息]: ==================================2020-10-26 17:54:04===================================
Mon, 26 Oct 2020 17:59:23-run_all_case.py-run_all_case.py-[line:21]-INFO-[日志信息]: ==================================2020-10-26 17:59:23===================================
Mon, 26 Oct 2020 18:00:10-run_all_case.py-run_all_case.py-[line:21]-INFO-[日志信息]: ==================================2020-10-26 18:00:10===================================
Mon, 26 Oct 2020 18:01:12-run_all_case.py-run_all_case.py-[line:21]-INFO-[日志信息]: ==================================2020-10-26 18:01:12===================================
Mon, 26 Oct 2020 18:02:31-run_all_case.py-run_all_case.py-[line:21]-INFO-[日志信息]: ==================================2020-10-26 18:02:31===================================
Mon, 26 Oct 2020 18:04:04-run_all_case.py-run_all_case.py-[line:21]-INFO-[日志信息]: ==================================2020-10-26 18:04:04===================================
